# JRE version: Java(TM) SE Runtime Environment (8.0_60-b27) (build 1.8.0_60-b27)
# Java VM: Java HotSpot(TM) 64-Bit Server VM (25.60-b23 mixed mode windows-amd64 compressed oops)
Heap:
 PSYoungGen      total 262144K, used 250299K [0x00000000eb100000, 0x0000000100000000, 0x0000000100000000)
  eden space 218112K, 94% used [0x00000000eb100000,0x00000000f7a6ef10,0x00000000f8600000)
  from space 44032K, 100% used [0x00000000fd500000,0x0000000100000000,0x0000000100000000)
  to   space 62464K, 0% used [0x00000000f8600000,0x00000000f8600000,0x00000000fc300000)
 ParOldGen       total 236544K, used 149088K [0x00000000c1200000, 0x00000000cf900000, 0x00000000eb100000)
  object space 236544K, 63% used [0x00000000c1200000,0x00000000ca3981f0,0x00000000cf900000)
 Metaspace       used 45986K, capacity 46325K, committed 46848K, reserved 1091584K
  class space    used 5381K, capacity 5509K, committed 5632K, reserved 1048576K
GC Heap History (10 events):
Event: 129.542 GC heap before
{Heap before GC invocations=81 (full 8):
 PSYoungGen      total 289280K, used 251776K [0x00000000eb100000, 0x00000000ff780000, 0x0000000100000000)
  eden space 247296K, 100% used [0x00000000eb100000,0x00000000fa280000,0x00000000fa280000)
  from space 41984K, 10% used [0x00000000fce80000,0x00000000fd2e0000,0x00000000ff780000)
  to   space 43520K, 0% used [0x00000000fa280000,0x00000000fa280000,0x00000000fcd00000)
 ParOldGen       total 236544K, used 152386K [0x00000000c1200000, 0x00000000cf900000, 0x00000000eb100000)
  object space 236544K, 64% used [0x00000000c1200000,0x00000000ca6d09d8,0x00000000cf900000)
 Metaspace       used 45295K, capacity 45709K, committed 46208K, reserved 1089536K
  class space    used 5351K, capacity 5503K, committed 5504K, reserved 1048576K
Event: 129.549 GC heap after
Heap after GC invocations=81 (full 8):
 PSYoungGen      total 290816K, used 4288K [0x00000000eb100000, 0x00000000ffd80000, 0x0000000100000000)
  eden space 247296K, 0% used [0x00000000eb100000,0x00000000eb100000,0x00000000fa280000)
  from space 43520K, 9% used [0x00000000fa280000,0x00000000fa6b0000,0x00000000fcd00000)
  to   space 41472K, 0% used [0x00000000fd500000,0x00000000fd500000,0x00000000ffd80000)
 ParOldGen       total 236544K, used 152386K [0x00000000c1200000, 0x00000000cf900000, 0x00000000eb100000)
  object space 236544K, 64% used [0x00000000c1200000,0x00000000ca6d09d8,0x00000000cf900000)
 Metaspace       used 45295K, capacity 45709K, committed 46208K, reserved 1089536K
  class space    used 5351K, capacity 5503K, committed 5504K, reserved 1048576K
}
Event: 130.041 GC heap before
{Heap before GC invocations=82 (full 8):
 PSYoungGen      total 290816K, used 45584K [0x00000000eb100000, 0x00000000ffd80000, 0x0000000100000000)
  eden space 247296K, 16% used [0x00000000eb100000,0x00000000ed954030,0x00000000fa280000)
  from space 43520K, 9% used [0x00000000fa280000,0x00000000fa6b0000,0x00000000fcd00000)
  to   space 41472K, 0% used [0x00000000fd500000,0x00000000fd500000,0x00000000ffd80000)
 ParOldGen       total 236544K, used 152386K [0x00000000c1200000, 0x00000000cf900000, 0x00000000eb100000)
  object space 236544K, 64% used [0x00000000c1200000,0x00000000ca6d09d8,0x00000000cf900000)
 Metaspace       used 45344K, capacity 45773K, committed 46208K, reserved 1089536K
  class space    used 5354K, capacity 5503K, committed 5504K, reserved 1048576K
Event: 130.050 GC heap after
Heap after GC invocations=82 (full 8):
 PSYoungGen      total 293888K, used 6126K [0x00000000eb100000, 0x00000000ff880000, 0x0000000100000000)
  eden space 257536K, 0% used [0x00000000eb100000,0x00000000eb100000,0x00000000fac80000)
  from space 36352K, 16% used [0x00000000fd500000,0x00000000fdafb8b0,0x00000000ff880000)
  to   space 38912K, 0% used [0x00000000fac80000,0x00000000fac80000,0x00000000fd280000)
 ParOldGen       total 236544K, used 152698K [0x00000000c1200000, 0x00000000cf900000, 0x00000000eb100000)
  object space 236544K, 64% used [0x00000000c1200000,0x00000000ca71e9d8,0x00000000cf900000)
 Metaspace       used 45344K, capacity 45773K, committed 46208K, reserved 1089536K
  class space    used 5354K, capacity 5503K, committed 5504K, reserved 1048576K
}
Event: 130.050 GC heap before
{Heap before GC invocations=83 (full 9):
 PSYoungGen      total 293888K, used 6126K [0x00000000eb100000, 0x00000000ff880000, 0x0000000100000000)
  eden space 257536K, 0% used [0x00000000eb100000,0x00000000eb100000,0x00000000fac80000)
  from space 36352K, 16% used [0x00000000fd500000,0x00000000fdafb8b0,0x00000000ff880000)
  to   space 38912K, 0% used [0x00000000fac80000,0x00000000fac80000,0x00000000fd280000)
 ParOldGen       total 236544K, used 152698K [0x00000000c1200000, 0x00000000cf900000, 0x00000000eb100000)
  object space 236544K, 64% used [0x00000000c1200000,0x00000000ca71e9d8,0x00000000cf900000)
 Metaspace       used 45344K, capacity 45773K, committed 46208K, reserved 1089536K
  class space    used 5354K, capacity 5503K, committed 5504K, reserved 1048576K
Event: 130.465 GC heap after
Heap after GC invocations=83 (full 9):
 PSYoungGen      total 293888K, used 0K [0x00000000eb100000, 0x00000000ff880000, 0x0000000100000000)
  eden space 257536K, 0% used [0x00000000eb100000,0x00000000eb100000,0x00000000fac80000)
  from space 36352K, 0% used [0x00000000fd500000,0x00000000fd500000,0x00000000ff880000)
  to   space 38912K, 0% used [0x00000000fac80000,0x00000000fac80000,0x00000000fd280000)
 ParOldGen       total 236544K, used 122961K [0x00000000c1200000, 0x00000000cf900000, 0x00000000eb100000)
  object space 236544K, 51% used [0x00000000c1200000,0x00000000c8a14668,0x00000000cf900000)
 Metaspace       used 45344K, capacity 45773K, committed 46208K, reserved 1089536K
  class space    used 5354K, capacity 5503K, committed 5504K, reserved 1048576K
}
Event: 133.704 GC heap before
{Heap before GC invocations=84 (full 9):
 PSYoungGen      total 293888K, used 257536K [0x00000000eb100000, 0x00000000ff880000, 0x0000000100000000)
  eden space 257536K, 100% used [0x00000000eb100000,0x00000000fac80000,0x00000000fac80000)
  from space 36352K, 0% used [0x00000000fd500000,0x00000000fd500000,0x00000000ff880000)
  to   space 38912K, 0% used [0x00000000fac80000,0x00000000fac80000,0x00000000fd280000)
 ParOldGen       total 236544K, used 122961K [0x00000000c1200000, 0x00000000cf900000, 0x00000000eb100000)
  object space 236544K, 51% used [0x00000000c1200000,0x00000000c8a14668,0x00000000cf900000)
 Metaspace       used 45403K, capacity 45837K, committed 46464K, reserved 1089536K
  class space    used 5355K, capacity 5503K, committed 5504K, reserved 1048576K
Event: 133.718 GC heap after
Heap after GC invocations=84 (full 9):
 PSYoungGen      total 296448K, used 31520K [0x00000000eb100000, 0x0000000100000000, 0x0000000100000000)
  eden space 257536K, 0% used [0x00000000eb100000,0x00000000eb100000,0x00000000fac80000)
  from space 38912K, 81% used [0x00000000fac80000,0x00000000fcb48000,0x00000000fd280000)
  to   space 44032K, 0% used [0x00000000fd500000,0x00000000fd500000,0x0000000100000000)
 ParOldGen       total 236544K, used 122969K [0x00000000c1200000, 0x00000000cf900000, 0x00000000eb100000)
  object space 236544K, 51% used [0x00000000c1200000,0x00000000c8a16668,0x00000000cf900000)
 Metaspace       used 45403K, capacity 45837K, committed 46464K, reserved 1089536K
  class space    used 5355K, capacity 5503K, committed 5504K, reserved 1048576K
}
Event: 144.411 GC heap before
{Heap before GC invocations=85 (full 9):
 PSYoungGen      total 296448K, used 289056K [0x00000000eb100000, 0x0000000100000000, 0x0000000100000000)
  eden space 257536K, 100% used [0x00000000eb100000,0x00000000fac80000,0x00000000fac80000)
  from space 38912K, 81% used [0x00000000fac80000,0x00000000fcb48000,0x00000000fd280000)
  to   space 44032K, 0% used [0x00000000fd500000,0x00000000fd500000,0x0000000100000000)
 ParOldGen       total 236544K, used 122969K [0x00000000c1200000, 0x00000000cf900000, 0x00000000eb100000)
  object space 236544K, 51% used [0x00000000c1200000,0x00000000c8a16668,0x00000000cf900000)
 Metaspace       used 45583K, capacity 45995K, committed 46592K, reserved 1089536K
  class space    used 5362K, capacity 5508K, committed 5632K, reserved 1048576K
Event: 144.436 GC heap after
Heap after GC invocations=85 (full 9):
 PSYoungGen      total 262144K, used 44032K [0x00000000eb100000, 0x0000000100000000, 0x0000000100000000)
  eden space 218112K, 0% used [0x00000000eb100000,0x00000000eb100000,0x00000000f8600000)
  from space 44032K, 100% used [0x00000000fd500000,0x0000000100000000,0x0000000100000000)
  to   space 62464K, 0% used [0x00000000f8600000,0x00000000f8600000,0x00000000fc300000)
 ParOldGen       total 236544K, used 149088K [0x00000000c1200000, 0x00000000cf900000, 0x00000000eb100000)
  object space 236544K, 63% used [0x00000000c1200000,0x00000000ca3981f0,0x00000000cf900000)
 Metaspace       used 45583K, capacity 45995K, committed 46592K, reserved 1089536K
  class space    used 5362K, capacity 5508K, committed 5632K, reserved 1048576K
}

