# JRE version: Java(TM) SE Runtime Environment (8.0_60-b27) (build 1.8.0_60-b27)
# Java VM: Java HotSpot(TM) 64-Bit Server VM (25.60-b23 mixed mode windows-amd64 compressed oops)
Heap:
 PSYoungGen      total 213504K, used 53539K [0x00000000eb100000, 0x00000000fe280000, 0x0000000100000000)
  eden space 123392K, 0% used [0x00000000eb100000,0x00000000eb208758,0x00000000f2980000)
  from space 90112K, 58% used [0x00000000f8a80000,0x00000000fbdc0780,0x00000000fe280000)
  to   space 94720K, 0% used [0x00000000f2980000,0x00000000f2980000,0x00000000f8600000)
 ParOldGen       total 188416K, used 138570K [0x00000000c1200000, 0x00000000cca00000, 0x00000000eb100000)
  object space 188416K, 73% used [0x00000000c1200000,0x00000000c9952bd8,0x00000000cca00000)
 Metaspace       used 45085K, capacity 45465K, committed 45912K, reserved 1089536K
  class space    used 5326K, capacity 5467K, committed 5504K, reserved 1048576K
GC Heap History (10 events):
Event: 136.483 GC heap before
{Heap before GC invocations=42 (full 6):
 PSYoungGen      total 228864K, used 184007K [0x00000000eb100000, 0x0000000100000000, 0x0000000100000000)
  eden space 114688K, 100% used [0x00000000eb100000,0x00000000f2100000,0x00000000f2100000)
  from space 114176K, 60% used [0x00000000f2100000,0x00000000f64b1ec8,0x00000000f9080000)
  to   space 114176K, 0% used [0x00000000f9080000,0x00000000f9080000,0x0000000100000000)
 ParOldGen       total 188416K, used 119914K [0x00000000c1200000, 0x00000000cca00000, 0x00000000eb100000)
  object space 188416K, 63% used [0x00000000c1200000,0x00000000c871abb8,0x00000000cca00000)
 Metaspace       used 44940K, capacity 45401K, committed 45912K, reserved 1089536K
  class space    used 5313K, capacity 5467K, committed 5504K, reserved 1048576K
Event: 136.515 GC heap after
Heap after GC invocations=42 (full 6):
 PSYoungGen      total 228864K, used 51490K [0x00000000eb100000, 0x0000000100000000, 0x0000000100000000)
  eden space 114688K, 0% used [0x00000000eb100000,0x00000000eb100000,0x00000000f2100000)
  from space 114176K, 45% used [0x00000000f9080000,0x00000000fc2c8890,0x0000000100000000)
  to   space 114176K, 0% used [0x00000000f2100000,0x00000000f2100000,0x00000000f9080000)
 ParOldGen       total 188416K, used 138554K [0x00000000c1200000, 0x00000000cca00000, 0x00000000eb100000)
  object space 188416K, 73% used [0x00000000c1200000,0x00000000c994ebd8,0x00000000cca00000)
 Metaspace       used 44940K, capacity 45401K, committed 45912K, reserved 1089536K
  class space    used 5313K, capacity 5467K, committed 5504K, reserved 1048576K
}
Event: 149.630 GC heap before
{Heap before GC invocations=43 (full 6):
 PSYoungGen      total 228864K, used 166178K [0x00000000eb100000, 0x0000000100000000, 0x0000000100000000)
  eden space 114688K, 100% used [0x00000000eb100000,0x00000000f2100000,0x00000000f2100000)
  from space 114176K, 45% used [0x00000000f9080000,0x00000000fc2c8890,0x0000000100000000)
  to   space 114176K, 0% used [0x00000000f2100000,0x00000000f2100000,0x00000000f9080000)
 ParOldGen       total 188416K, used 138554K [0x00000000c1200000, 0x00000000cca00000, 0x00000000eb100000)
  object space 188416K, 73% used [0x00000000c1200000,0x00000000c994ebd8,0x00000000cca00000)
 Metaspace       used 44945K, capacity 45401K, committed 45912K, reserved 1089536K
  class space    used 5313K, capacity 5467K, committed 5504K, reserved 1048576K
Event: 149.651 GC heap after
Heap after GC invocations=43 (full 6):
 PSYoungGen      total 166400K, used 51570K [0x00000000eb100000, 0x00000000ff500000, 0x0000000100000000)
  eden space 114688K, 0% used [0x00000000eb100000,0x00000000eb100000,0x00000000f2100000)
  from space 51712K, 99% used [0x00000000f2100000,0x00000000f535cac0,0x00000000f5380000)
  to   space 108544K, 0% used [0x00000000f8b00000,0x00000000f8b00000,0x00000000ff500000)
 ParOldGen       total 188416K, used 138562K [0x00000000c1200000, 0x00000000cca00000, 0x00000000eb100000)
  object space 188416K, 73% used [0x00000000c1200000,0x00000000c9950bd8,0x00000000cca00000)
 Metaspace       used 44945K, capacity 45401K, committed 45912K, reserved 1089536K
  class space    used 5313K, capacity 5467K, committed 5504K, reserved 1048576K
}
Event: 161.830 GC heap before
{Heap before GC invocations=44 (full 6):
 PSYoungGen      total 166400K, used 166258K [0x00000000eb100000, 0x00000000ff500000, 0x0000000100000000)
  eden space 114688K, 100% used [0x00000000eb100000,0x00000000f2100000,0x00000000f2100000)
  from space 51712K, 99% used [0x00000000f2100000,0x00000000f535cac0,0x00000000f5380000)
  to   space 108544K, 0% used [0x00000000f8b00000,0x00000000f8b00000,0x00000000ff500000)
 ParOldGen       total 188416K, used 138562K [0x00000000c1200000, 0x00000000cca00000, 0x00000000eb100000)
  object space 188416K, 73% used [0x00000000c1200000,0x00000000c9950bd8,0x00000000cca00000)
 Metaspace       used 44969K, capacity 45401K, committed 45912K, reserved 1089536K
  class space    used 5313K, capacity 5467K, committed 5504K, reserved 1048576K
Event: 161.852 GC heap after
Heap after GC invocations=44 (full 6):
 PSYoungGen      total 222208K, used 51890K [0x00000000eb100000, 0x00000000fef80000, 0x0000000100000000)
  eden space 119296K, 0% used [0x00000000eb100000,0x00000000eb100000,0x00000000f2580000)
  from space 102912K, 50% used [0x00000000f8b00000,0x00000000fbdac880,0x00000000fef80000)
  to   space 103424K, 0% used [0x00000000f2580000,0x00000000f2580000,0x00000000f8a80000)
 ParOldGen       total 188416K, used 138562K [0x00000000c1200000, 0x00000000cca00000, 0x00000000eb100000)
  object space 188416K, 73% used [0x00000000c1200000,0x00000000c9950bd8,0x00000000cca00000)
 Metaspace       used 44969K, capacity 45401K, committed 45912K, reserved 1089536K
  class space    used 5313K, capacity 5467K, committed 5504K, reserved 1048576K
}
Event: 173.179 GC heap before
{Heap before GC invocations=45 (full 6):
 PSYoungGen      total 222208K, used 171186K [0x00000000eb100000, 0x00000000fef80000, 0x0000000100000000)
  eden space 119296K, 100% used [0x00000000eb100000,0x00000000f2580000,0x00000000f2580000)
  from space 102912K, 50% used [0x00000000f8b00000,0x00000000fbdac880,0x00000000fef80000)
  to   space 103424K, 0% used [0x00000000f2580000,0x00000000f2580000,0x00000000f8a80000)
 ParOldGen       total 188416K, used 138562K [0x00000000c1200000, 0x00000000cca00000, 0x00000000eb100000)
  object space 188416K, 73% used [0x00000000c1200000,0x00000000c9950bd8,0x00000000cca00000)
 Metaspace       used 44983K, capacity 45465K, committed 45912K, reserved 1089536K
  class space    used 5313K, capacity 5467K, committed 5504K, reserved 1048576K
Event: 173.202 GC heap after
Heap after GC invocations=45 (full 6):
 PSYoungGen      total 222720K, used 52033K [0x00000000eb100000, 0x00000000feb00000, 0x0000000100000000)
  eden space 119296K, 0% used [0x00000000eb100000,0x00000000eb100000,0x00000000f2580000)
  from space 103424K, 50% used [0x00000000f2580000,0x00000000f5850650,0x00000000f8a80000)
  to   space 98816K, 0% used [0x00000000f8a80000,0x00000000f8a80000,0x00000000feb00000)
 ParOldGen       total 188416K, used 138562K [0x00000000c1200000, 0x00000000cca00000, 0x00000000eb100000)
  object space 188416K, 73% used [0x00000000c1200000,0x00000000c9950bd8,0x00000000cca00000)
 Metaspace       used 44983K, capacity 45465K, committed 45912K, reserved 1089536K
  class space    used 5313K, capacity 5467K, committed 5504K, reserved 1048576K
}
Event: 200.151 GC heap before
{Heap before GC invocations=46 (full 6):
 PSYoungGen      total 222720K, used 171329K [0x00000000eb100000, 0x00000000feb00000, 0x0000000100000000)
  eden space 119296K, 100% used [0x00000000eb100000,0x00000000f2580000,0x00000000f2580000)
  from space 103424K, 50% used [0x00000000f2580000,0x00000000f5850650,0x00000000f8a80000)
  to   space 98816K, 0% used [0x00000000f8a80000,0x00000000f8a80000,0x00000000feb00000)
 ParOldGen       total 188416K, used 138562K [0x00000000c1200000, 0x00000000cca00000, 0x00000000eb100000)
  object space 188416K, 73% used [0x00000000c1200000,0x00000000c9950bd8,0x00000000cca00000)
 Metaspace       used 45079K, capacity 45465K, committed 45912K, reserved 1089536K
  class space    used 5325K, capacity 5467K, committed 5504K, reserved 1048576K
Event: 200.182 GC heap after
Heap after GC invocations=46 (full 6):
 PSYoungGen      total 213504K, used 52481K [0x00000000eb100000, 0x00000000fe280000, 0x0000000100000000)
  eden space 123392K, 0% used [0x00000000eb100000,0x00000000eb100000,0x00000000f2980000)
  from space 90112K, 58% used [0x00000000f8a80000,0x00000000fbdc0780,0x00000000fe280000)
  to   space 94720K, 0% used [0x00000000f2980000,0x00000000f2980000,0x00000000f8600000)
 ParOldGen       total 188416K, used 138570K [0x00000000c1200000, 0x00000000cca00000, 0x00000000eb100000)
  object space 188416K, 73% used [0x00000000c1200000,0x00000000c9952bd8,0x00000000cca00000)
 Metaspace       used 45079K, capacity 45465K, committed 45912K, reserved 1089536K
  class space    used 5325K, capacity 5467K, committed 5504K, reserved 1048576K
}

