# JRE version: Java(TM) SE Runtime Environment (8.0_60-b27) (build 1.8.0_60-b27)
# Java VM: Java HotSpot(TM) 64-Bit Server VM (25.60-b23 mixed mode windows-amd64 compressed oops)
Heap:
 PSYoungGen      total 313344K, used 102233K [0x00000000eb100000, 0x0000000100000000, 0x0000000100000000)
  eden space 284672K, 33% used [0x00000000eb100000,0x00000000f0f21f58,0x00000000fc700000)
  from space 28672K, 20% used [0x00000000fe400000,0x00000000fe9b4610,0x0000000100000000)
  to   space 29184K, 0% used [0x00000000fc700000,0x00000000fc700000,0x00000000fe380000)
 ParOldGen       total 335872K, used 277716K [0x00000000c1200000, 0x00000000d5a00000, 0x00000000eb100000)
  object space 335872K, 82% used [0x00000000c1200000,0x00000000d21352e0,0x00000000d5a00000)
 Metaspace       used 46161K, capacity 46569K, committed 47360K, reserved 1091584K
  class space    used 5370K, capacity 5507K, committed 5632K, reserved 1048576K
GC Heap History (10 events):
Event: 517.879 GC heap before
{Heap before GC invocations=133 (full 9):
 PSYoungGen      total 311296K, used 301285K [0x00000000eb100000, 0x00000000ffe80000, 0x0000000100000000)
  eden space 282112K, 100% used [0x00000000eb100000,0x00000000fc480000,0x00000000fc480000)
  from space 29184K, 65% used [0x00000000fc480000,0x00000000fd739720,0x00000000fe100000)
  to   space 28672K, 0% used [0x00000000fe280000,0x00000000fe280000,0x00000000ffe80000)
 ParOldGen       total 335872K, used 264514K [0x00000000c1200000, 0x00000000d5a00000, 0x00000000eb100000)
  object space 335872K, 78% used [0x00000000c1200000,0x00000000d1450b60,0x00000000d5a00000)
 Metaspace       used 46111K, capacity 46467K, committed 46976K, reserved 1091584K
  class space    used 5361K, capacity 5474K, committed 5504K, reserved 1048576K
Event: 517.899 GC heap after
Heap after GC invocations=133 (full 9):
 PSYoungGen      total 313344K, used 14097K [0x00000000eb100000, 0x00000000ffe80000, 0x0000000100000000)
  eden space 284672K, 0% used [0x00000000eb100000,0x00000000eb100000,0x00000000fc700000)
  from space 28672K, 49% used [0x00000000fe280000,0x00000000ff044620,0x00000000ffe80000)
  to   space 28160K, 0% used [0x00000000fc700000,0x00000000fc700000,0x00000000fe280000)
 ParOldGen       total 335872K, used 269081K [0x00000000c1200000, 0x00000000d5a00000, 0x00000000eb100000)
  object space 335872K, 80% used [0x00000000c1200000,0x00000000d18c66e0,0x00000000d5a00000)
 Metaspace       used 46111K, capacity 46467K, committed 46976K, reserved 1091584K
  class space    used 5361K, capacity 5474K, committed 5504K, reserved 1048576K
}
Event: 520.542 GC heap before
{Heap before GC invocations=134 (full 9):
 PSYoungGen      total 313344K, used 298769K [0x00000000eb100000, 0x00000000ffe80000, 0x0000000100000000)
  eden space 284672K, 100% used [0x00000000eb100000,0x00000000fc700000,0x00000000fc700000)
  from space 28672K, 49% used [0x00000000fe280000,0x00000000ff044620,0x00000000ffe80000)
  to   space 28160K, 0% used [0x00000000fc700000,0x00000000fc700000,0x00000000fe280000)
 ParOldGen       total 335872K, used 269081K [0x00000000c1200000, 0x00000000d5a00000, 0x00000000eb100000)
  object space 335872K, 80% used [0x00000000c1200000,0x00000000d18c66e0,0x00000000d5a00000)
 Metaspace       used 46112K, capacity 46467K, committed 46976K, reserved 1091584K
  class space    used 5361K, capacity 5474K, committed 5504K, reserved 1048576K
Event: 520.562 GC heap after
Heap after GC invocations=134 (full 9):
 PSYoungGen      total 312832K, used 9521K [0x00000000eb100000, 0x00000000fff80000, 0x0000000100000000)
  eden space 284672K, 0% used [0x00000000eb100000,0x00000000eb100000,0x00000000fc700000)
  from space 28160K, 33% used [0x00000000fc700000,0x00000000fd04c610,0x00000000fe280000)
  to   space 28160K, 0% used [0x00000000fe400000,0x00000000fe400000,0x00000000fff80000)
 ParOldGen       total 335872K, used 272948K [0x00000000c1200000, 0x00000000d5a00000, 0x00000000eb100000)
  object space 335872K, 81% used [0x00000000c1200000,0x00000000d1c8d2a0,0x00000000d5a00000)
 Metaspace       used 46112K, capacity 46467K, committed 46976K, reserved 1091584K
  class space    used 5361K, capacity 5474K, committed 5504K, reserved 1048576K
}
Event: 523.280 GC heap before
{Heap before GC invocations=135 (full 9):
 PSYoungGen      total 312832K, used 294193K [0x00000000eb100000, 0x00000000fff80000, 0x0000000100000000)
  eden space 284672K, 100% used [0x00000000eb100000,0x00000000fc700000,0x00000000fc700000)
  from space 28160K, 33% used [0x00000000fc700000,0x00000000fd04c610,0x00000000fe280000)
  to   space 28160K, 0% used [0x00000000fe400000,0x00000000fe400000,0x00000000fff80000)
 ParOldGen       total 335872K, used 272948K [0x00000000c1200000, 0x00000000d5a00000, 0x00000000eb100000)
  object space 335872K, 81% used [0x00000000c1200000,0x00000000d1c8d2a0,0x00000000d5a00000)
 Metaspace       used 46112K, capacity 46467K, committed 46976K, reserved 1091584K
  class space    used 5361K, capacity 5474K, committed 5504K, reserved 1048576K
Event: 523.293 GC heap after
Heap after GC invocations=135 (full 9):
 PSYoungGen      total 314368K, used 9841K [0x00000000eb100000, 0x0000000100000000, 0x0000000100000000)
  eden space 286208K, 0% used [0x00000000eb100000,0x00000000eb100000,0x00000000fc880000)
  from space 28160K, 34% used [0x00000000fe400000,0x00000000fed9c610,0x00000000fff80000)
  to   space 28160K, 0% used [0x00000000fc880000,0x00000000fc880000,0x00000000fe400000)
 ParOldGen       total 335872K, used 273876K [0x00000000c1200000, 0x00000000d5a00000, 0x00000000eb100000)
  object space 335872K, 81% used [0x00000000c1200000,0x00000000d1d752a0,0x00000000d5a00000)
 Metaspace       used 46112K, capacity 46467K, committed 46976K, reserved 1091584K
  class space    used 5361K, capacity 5474K, committed 5504K, reserved 1048576K
}
Event: 525.970 GC heap before
{Heap before GC invocations=136 (full 9):
 PSYoungGen      total 314368K, used 296049K [0x00000000eb100000, 0x0000000100000000, 0x0000000100000000)
  eden space 286208K, 100% used [0x00000000eb100000,0x00000000fc880000,0x00000000fc880000)
  from space 28160K, 34% used [0x00000000fe400000,0x00000000fed9c610,0x00000000fff80000)
  to   space 28160K, 0% used [0x00000000fc880000,0x00000000fc880000,0x00000000fe400000)
 ParOldGen       total 335872K, used 273876K [0x00000000c1200000, 0x00000000d5a00000, 0x00000000eb100000)
  object space 335872K, 81% used [0x00000000c1200000,0x00000000d1d752a0,0x00000000d5a00000)
 Metaspace       used 46113K, capacity 46467K, committed 46976K, reserved 1091584K
  class space    used 5361K, capacity 5474K, committed 5504K, reserved 1048576K
Event: 525.981 GC heap after
Heap after GC invocations=136 (full 9):
 PSYoungGen      total 314368K, used 5489K [0x00000000eb100000, 0x0000000100000000, 0x0000000100000000)
  eden space 286208K, 0% used [0x00000000eb100000,0x00000000eb100000,0x00000000fc880000)
  from space 28160K, 19% used [0x00000000fc880000,0x00000000fcddc610,0x00000000fe400000)
  to   space 28672K, 0% used [0x00000000fe400000,0x00000000fe400000,0x0000000100000000)
 ParOldGen       total 335872K, used 277316K [0x00000000c1200000, 0x00000000d5a00000, 0x00000000eb100000)
  object space 335872K, 82% used [0x00000000c1200000,0x00000000d20d12e0,0x00000000d5a00000)
 Metaspace       used 46113K, capacity 46467K, committed 46976K, reserved 1091584K
  class space    used 5361K, capacity 5474K, committed 5504K, reserved 1048576K
}
Event: 528.527 GC heap before
{Heap before GC invocations=137 (full 9):
 PSYoungGen      total 314368K, used 291697K [0x00000000eb100000, 0x0000000100000000, 0x0000000100000000)
  eden space 286208K, 100% used [0x00000000eb100000,0x00000000fc880000,0x00000000fc880000)
  from space 28160K, 19% used [0x00000000fc880000,0x00000000fcddc610,0x00000000fe400000)
  to   space 28672K, 0% used [0x00000000fe400000,0x00000000fe400000,0x0000000100000000)
 ParOldGen       total 335872K, used 277316K [0x00000000c1200000, 0x00000000d5a00000, 0x00000000eb100000)
  object space 335872K, 82% used [0x00000000c1200000,0x00000000d20d12e0,0x00000000d5a00000)
 Metaspace       used 46114K, capacity 46467K, committed 46976K, reserved 1091584K
  class space    used 5361K, capacity 5474K, committed 5504K, reserved 1048576K
Event: 528.538 GC heap after
Heap after GC invocations=137 (full 9):
 PSYoungGen      total 313344K, used 5841K [0x00000000eb100000, 0x0000000100000000, 0x0000000100000000)
  eden space 284672K, 0% used [0x00000000eb100000,0x00000000eb100000,0x00000000fc700000)
  from space 28672K, 20% used [0x00000000fe400000,0x00000000fe9b4610,0x0000000100000000)
  to   space 29184K, 0% used [0x00000000fc700000,0x00000000fc700000,0x00000000fe380000)
 ParOldGen       total 335872K, used 277716K [0x00000000c1200000, 0x00000000d5a00000, 0x00000000eb100000)
  object space 335872K, 82% used [0x00000000c1200000,0x00000000d21352e0,0x00000000d5a00000)
 Metaspace       used 46114K, capacity 46467K, committed 46976K, reserved 1091584K
  class space    used 5361K, capacity 5474K, committed 5504K, reserved 1048576K
}

