# JRE version: Java(TM) SE Runtime Environment (8.0_60-b27) (build 1.8.0_60-b27)
# Java VM: Java HotSpot(TM) 64-Bit Server VM (25.60-b23 mixed mode windows-amd64 compressed oops)
Heap:
 PSYoungGen      total 155648K, used 90137K [0x00000000eb100000, 0x00000000f7e00000, 0x0000000100000000)
  eden space 112128K, 69% used [0x00000000eb100000,0x00000000efd493a8,0x00000000f1e80000)
  from space 43520K, 27% used [0x00000000f1e80000,0x00000000f2a3d3c8,0x00000000f4900000)
  to   space 41984K, 0% used [0x00000000f5500000,0x00000000f5500000,0x00000000f7e00000)
 ParOldGen       total 101888K, used 87210K [0x00000000c1200000, 0x00000000c7580000, 0x00000000eb100000)
  object space 101888K, 85% used [0x00000000c1200000,0x00000000c672a8c0,0x00000000c7580000)
 Metaspace       used 29975K, capacity 30263K, committed 30720K, reserved 1077248K
  class space    used 3675K, capacity 3772K, committed 3840K, reserved 1048576K
GC Heap History (10 events):
Event: 45.580 GC heap before
{Heap before GC invocations=32 (full 3):
 PSYoungGen      total 119808K, used 118619K [0x00000000eb100000, 0x00000000f5480000, 0x0000000100000000)
  eden space 89088K, 100% used [0x00000000eb100000,0x00000000f0800000,0x00000000f0800000)
  from space 30720K, 96% used [0x00000000f2b00000,0x00000000f47d6ff0,0x00000000f4900000)
  to   space 35840K, 0% used [0x00000000f0800000,0x00000000f0800000,0x00000000f2b00000)
 ParOldGen       total 101888K, used 80913K [0x00000000c1200000, 0x00000000c7580000, 0x00000000eb100000)
  object space 101888K, 79% used [0x00000000c1200000,0x00000000c6104668,0x00000000c7580000)
 Metaspace       used 27846K, capacity 28151K, committed 28672K, reserved 1075200K
  class space    used 3409K, capacity 3516K, committed 3584K, reserved 1048576K
Event: 45.603 GC heap after
Heap after GC invocations=32 (full 3):
 PSYoungGen      total 124928K, used 30668K [0x00000000eb100000, 0x00000000f6200000, 0x0000000100000000)
  eden space 89088K, 0% used [0x00000000eb100000,0x00000000eb100000,0x00000000f0800000)
  from space 35840K, 85% used [0x00000000f0800000,0x00000000f25f33c8,0x00000000f2b00000)
  to   space 39936K, 0% used [0x00000000f3b00000,0x00000000f3b00000,0x00000000f6200000)
 ParOldGen       total 101888K, used 80921K [0x00000000c1200000, 0x00000000c7580000, 0x00000000eb100000)
  object space 101888K, 79% used [0x00000000c1200000,0x00000000c6106668,0x00000000c7580000)
 Metaspace       used 27846K, capacity 28151K, committed 28672K, reserved 1075200K
  class space    used 3409K, capacity 3516K, committed 3584K, reserved 1048576K
}
Event: 46.735 GC heap before
{Heap before GC invocations=33 (full 3):
 PSYoungGen      total 124928K, used 119756K [0x00000000eb100000, 0x00000000f6200000, 0x0000000100000000)
  eden space 89088K, 100% used [0x00000000eb100000,0x00000000f0800000,0x00000000f0800000)
  from space 35840K, 85% used [0x00000000f0800000,0x00000000f25f33c8,0x00000000f2b00000)
  to   space 39936K, 0% used [0x00000000f3b00000,0x00000000f3b00000,0x00000000f6200000)
 ParOldGen       total 101888K, used 80921K [0x00000000c1200000, 0x00000000c7580000, 0x00000000eb100000)
  object space 101888K, 79% used [0x00000000c1200000,0x00000000c6106668,0x00000000c7580000)
 Metaspace       used 27859K, capacity 28151K, committed 28672K, reserved 1075200K
  class space    used 3409K, capacity 3516K, committed 3584K, reserved 1048576K
Event: 46.768 GC heap after
Heap after GC invocations=33 (full 3):
 PSYoungGen      total 138240K, used 29820K [0x00000000eb100000, 0x00000000f6980000, 0x0000000100000000)
  eden space 98304K, 0% used [0x00000000eb100000,0x00000000eb100000,0x00000000f1100000)
  from space 39936K, 74% used [0x00000000f3b00000,0x00000000f581f060,0x00000000f6200000)
  to   space 43008K, 0% used [0x00000000f1100000,0x00000000f1100000,0x00000000f3b00000)
 ParOldGen       total 101888K, used 80929K [0x00000000c1200000, 0x00000000c7580000, 0x00000000eb100000)
  object space 101888K, 79% used [0x00000000c1200000,0x00000000c6108668,0x00000000c7580000)
 Metaspace       used 27859K, capacity 28151K, committed 28672K, reserved 1075200K
  class space    used 3409K, capacity 3516K, committed 3584K, reserved 1048576K
}
Event: 48.304 GC heap before
{Heap before GC invocations=34 (full 3):
 PSYoungGen      total 138240K, used 128124K [0x00000000eb100000, 0x00000000f6980000, 0x0000000100000000)
  eden space 98304K, 100% used [0x00000000eb100000,0x00000000f1100000,0x00000000f1100000)
  from space 39936K, 74% used [0x00000000f3b00000,0x00000000f581f060,0x00000000f6200000)
  to   space 43008K, 0% used [0x00000000f1100000,0x00000000f1100000,0x00000000f3b00000)
 ParOldGen       total 101888K, used 80929K [0x00000000c1200000, 0x00000000c7580000, 0x00000000eb100000)
  object space 101888K, 79% used [0x00000000c1200000,0x00000000c6108668,0x00000000c7580000)
 Metaspace       used 27884K, capacity 28151K, committed 28672K, reserved 1075200K
  class space    used 3409K, capacity 3516K, committed 3584K, reserved 1048576K
Event: 48.332 GC heap after
Heap after GC invocations=34 (full 3):
 PSYoungGen      total 141312K, used 30925K [0x00000000eb100000, 0x00000000f7a00000, 0x0000000100000000)
  eden space 98304K, 0% used [0x00000000eb100000,0x00000000eb100000,0x00000000f1100000)
  from space 43008K, 71% used [0x00000000f1100000,0x00000000f2f337b0,0x00000000f3b00000)
  to   space 46080K, 0% used [0x00000000f4d00000,0x00000000f4d00000,0x00000000f7a00000)
 ParOldGen       total 101888K, used 83946K [0x00000000c1200000, 0x00000000c7580000, 0x00000000eb100000)
  object space 101888K, 82% used [0x00000000c1200000,0x00000000c63fabb8,0x00000000c7580000)
 Metaspace       used 27884K, capacity 28151K, committed 28672K, reserved 1075200K
  class space    used 3409K, capacity 3516K, committed 3584K, reserved 1048576K
}
Event: 55.157 GC heap before
{Heap before GC invocations=35 (full 3):
 PSYoungGen      total 141312K, used 129229K [0x00000000eb100000, 0x00000000f7a00000, 0x0000000100000000)
  eden space 98304K, 100% used [0x00000000eb100000,0x00000000f1100000,0x00000000f1100000)
  from space 43008K, 71% used [0x00000000f1100000,0x00000000f2f337b0,0x00000000f3b00000)
  to   space 46080K, 0% used [0x00000000f4d00000,0x00000000f4d00000,0x00000000f7a00000)
 ParOldGen       total 101888K, used 83946K [0x00000000c1200000, 0x00000000c7580000, 0x00000000eb100000)
  object space 101888K, 82% used [0x00000000c1200000,0x00000000c63fabb8,0x00000000c7580000)
 Metaspace       used 28584K, capacity 28951K, committed 29312K, reserved 1075200K
  class space    used 3494K, capacity 3612K, committed 3712K, reserved 1048576K
Event: 55.176 GC heap after
Heap after GC invocations=35 (full 3):
 PSYoungGen      total 151552K, used 18411K [0x00000000eb100000, 0x00000000f7380000, 0x0000000100000000)
  eden space 112128K, 0% used [0x00000000eb100000,0x00000000eb100000,0x00000000f1e80000)
  from space 39424K, 46% used [0x00000000f4d00000,0x00000000f5efaec8,0x00000000f7380000)
  to   space 43520K, 0% used [0x00000000f1e80000,0x00000000f1e80000,0x00000000f4900000)
 ParOldGen       total 101888K, used 87202K [0x00000000c1200000, 0x00000000c7580000, 0x00000000eb100000)
  object space 101888K, 85% used [0x00000000c1200000,0x00000000c67288c0,0x00000000c7580000)
 Metaspace       used 28584K, capacity 28951K, committed 29312K, reserved 1075200K
  class space    used 3494K, capacity 3612K, committed 3712K, reserved 1048576K
}
Event: 59.695 GC heap before
{Heap before GC invocations=36 (full 3):
 PSYoungGen      total 151552K, used 130539K [0x00000000eb100000, 0x00000000f7380000, 0x0000000100000000)
  eden space 112128K, 100% used [0x00000000eb100000,0x00000000f1e80000,0x00000000f1e80000)
  from space 39424K, 46% used [0x00000000f4d00000,0x00000000f5efaec8,0x00000000f7380000)
  to   space 43520K, 0% used [0x00000000f1e80000,0x00000000f1e80000,0x00000000f4900000)
 ParOldGen       total 101888K, used 87202K [0x00000000c1200000, 0x00000000c7580000, 0x00000000eb100000)
  object space 101888K, 85% used [0x00000000c1200000,0x00000000c67288c0,0x00000000c7580000)
 Metaspace       used 29041K, capacity 29399K, committed 29824K, reserved 1075200K
  class space    used 3552K, capacity 3676K, committed 3712K, reserved 1048576K
Event: 59.706 GC heap after
Heap after GC invocations=36 (full 3):
 PSYoungGen      total 155648K, used 12020K [0x00000000eb100000, 0x00000000f7e00000, 0x0000000100000000)
  eden space 112128K, 0% used [0x00000000eb100000,0x00000000eb100000,0x00000000f1e80000)
  from space 43520K, 27% used [0x00000000f1e80000,0x00000000f2a3d3c8,0x00000000f4900000)
  to   space 41984K, 0% used [0x00000000f5500000,0x00000000f5500000,0x00000000f7e00000)
 ParOldGen       total 101888K, used 87210K [0x00000000c1200000, 0x00000000c7580000, 0x00000000eb100000)
  object space 101888K, 85% used [0x00000000c1200000,0x00000000c672a8c0,0x00000000c7580000)
 Metaspace       used 29041K, capacity 29399K, committed 29824K, reserved 1075200K
  class space    used 3552K, capacity 3676K, committed 3712K, reserved 1048576K
}

